  [1m[36m (1.2ms)[0m  [1mCREATE TABLE "schema_migrations" ("version" varchar NOT NULL) [0m
  [1m[35m (0.0ms)[0m  select sqlite_version(*)
  [1m[36m (1.0ms)[0m  [1mCREATE UNIQUE INDEX "unique_schema_migrations" ON "schema_migrations" ("version")[0m
  [1m[35mActiveRecord::SchemaMigration Load (0.1ms)[0m  SELECT "schema_migrations".* FROM "schema_migrations"
  [1m[36mActiveRecord::SchemaMigration Load (0.1ms)[0m  [1mSELECT "schema_migrations".* FROM "schema_migrations"[0m
Migrating to CreatePosts (20151230232412)
  [1m[35m (0.1ms)[0m  begin transaction
  [1m[36m (0.4ms)[0m  [1mCREATE TABLE "posts" ("id" INTEGER PRIMARY KEY AUTOINCREMENT NOT NULL, "title" varchar, "description" text, "created_at" datetime NOT NULL, "updated_at" datetime NOT NULL) [0m
  [1m[35mSQL (0.2ms)[0m  INSERT INTO "schema_migrations" ("version") VALUES (?)  [["version", "20151230232412"]]
  [1m[36m (1.3ms)[0m  [1mcommit transaction[0m
  [1m[35mActiveRecord::SchemaMigration Load (0.1ms)[0m  SELECT "schema_migrations".* FROM "schema_migrations"
  [1m[36mActiveRecord::SchemaMigration Load (0.1ms)[0m  [1mSELECT "schema_migrations".* FROM "schema_migrations"[0m
  [1m[35mActiveRecord::SchemaMigration Load (0.1ms)[0m  SELECT "schema_migrations".* FROM "schema_migrations"
  [1m[36mActiveRecord::SchemaMigration Load (0.1ms)[0m  [1mSELECT "schema_migrations".* FROM "schema_migrations"[0m
  [1m[36mActiveRecord::SchemaMigration Load (0.1ms)[0m  [1mSELECT "schema_migrations".* FROM "schema_migrations"[0m
  [1m[35mActiveRecord::SchemaMigration Load (0.1ms)[0m  SELECT "schema_migrations".* FROM "schema_migrations"
  [1m[36mActiveRecord::SchemaMigration Load (0.1ms)[0m  [1mSELECT "schema_migrations".* FROM "schema_migrations"[0m
  [1m[35mActiveRecord::SchemaMigration Load (0.1ms)[0m  SELECT "schema_migrations".* FROM "schema_migrations"
  [1m[36mActiveRecord::SchemaMigration Load (0.1ms)[0m  [1mSELECT "schema_migrations".* FROM "schema_migrations"[0m
  [1m[35mActiveRecord::SchemaMigration Load (0.1ms)[0m  SELECT "schema_migrations".* FROM "schema_migrations"


Started GET "/" for ::1 at 2019-01-31 10:27:42 +0000

ActiveRecord::PendingMigrationError (

Migrations are pending. To resolve this issue, run:

	bin/rake db:migrate RAILS_ENV=development

):
  activerecord (4.2.11) lib/active_record/migration.rb:392:in `check_pending!'
  activerecord (4.2.11) lib/active_record/migration.rb:373:in `call'
  actionpack (4.2.11) lib/action_dispatch/middleware/callbacks.rb:29:in `block in call'
  activesupport (4.2.11) lib/active_support/callbacks.rb:88:in `__run_callbacks__'
  activesupport (4.2.11) lib/active_support/callbacks.rb:778:in `_run_call_callbacks'
  activesupport (4.2.11) lib/active_support/callbacks.rb:81:in `run_callbacks'
  actionpack (4.2.11) lib/action_dispatch/middleware/callbacks.rb:27:in `call'
  actionpack (4.2.11) lib/action_dispatch/middleware/reloader.rb:73:in `call'
  actionpack (4.2.11) lib/action_dispatch/middleware/remote_ip.rb:78:in `call'
  actionpack (4.2.11) lib/action_dispatch/middleware/debug_exceptions.rb:17:in `call'
  actionpack (4.2.11) lib/action_dispatch/middleware/show_exceptions.rb:30:in `call'
  railties (4.2.11) lib/rails/rack/logger.rb:38:in `call_app'
  railties (4.2.11) lib/rails/rack/logger.rb:20:in `block in call'
  activesupport (4.2.11) lib/active_support/tagged_logging.rb:68:in `block in tagged'
  activesupport (4.2.11) lib/active_support/tagged_logging.rb:26:in `tagged'
  activesupport (4.2.11) lib/active_support/tagged_logging.rb:68:in `tagged'
  railties (4.2.11) lib/rails/rack/logger.rb:20:in `call'
  actionpack (4.2.11) lib/action_dispatch/middleware/request_id.rb:21:in `call'
  rack (1.6.11) lib/rack/methodoverride.rb:22:in `call'
  rack (1.6.11) lib/rack/runtime.rb:18:in `call'
  activesupport (4.2.11) lib/active_support/cache/strategy/local_cache_middleware.rb:28:in `call'
  rack (1.6.11) lib/rack/lock.rb:17:in `call'
  actionpack (4.2.11) lib/action_dispatch/middleware/static.rb:120:in `call'
  rack (1.6.11) lib/rack/sendfile.rb:113:in `call'
  railties (4.2.11) lib/rails/engine.rb:518:in `call'
  railties (4.2.11) lib/rails/application.rb:165:in `call'
  rack (1.6.11) lib/rack/lock.rb:17:in `call'
  rack (1.6.11) lib/rack/content_length.rb:15:in `call'
  rack (1.6.11) lib/rack/handler/webrick.rb:88:in `service'
  /Users/acasey/.rvm/rubies/ruby-2.5.3/lib/ruby/2.5.0/webrick/httpserver.rb:140:in `service'
  /Users/acasey/.rvm/rubies/ruby-2.5.3/lib/ruby/2.5.0/webrick/httpserver.rb:96:in `run'
  /Users/acasey/.rvm/rubies/ruby-2.5.3/lib/ruby/2.5.0/webrick/server.rb:307:in `block in start_thread'


  Rendered /Users/acasey/.rvm/gems/ruby-2.5.3/gems/actionpack-4.2.11/lib/action_dispatch/middleware/templates/rescues/_source.erb (5.1ms)
  Rendered /Users/acasey/.rvm/gems/ruby-2.5.3/gems/actionpack-4.2.11/lib/action_dispatch/middleware/templates/rescues/_trace.html.erb (1.1ms)
  Rendered /Users/acasey/.rvm/gems/ruby-2.5.3/gems/actionpack-4.2.11/lib/action_dispatch/middleware/templates/rescues/_request_and_response.html.erb (0.5ms)
  Rendered /Users/acasey/.rvm/gems/ruby-2.5.3/gems/actionpack-4.2.11/lib/action_dispatch/middleware/templates/rescues/diagnostics.html.erb within rescues/layout (69.9ms)


Started GET "/" for ::1 at 2019-01-31 10:28:33 +0000

ActiveRecord::PendingMigrationError (

Migrations are pending. To resolve this issue, run:

	bin/rake db:migrate RAILS_ENV=development

):
  activerecord (4.2.11) lib/active_record/migration.rb:392:in `check_pending!'
  activerecord (4.2.11) lib/active_record/migration.rb:373:in `call'
  actionpack (4.2.11) lib/action_dispatch/middleware/callbacks.rb:29:in `block in call'
  activesupport (4.2.11) lib/active_support/callbacks.rb:88:in `__run_callbacks__'
  activesupport (4.2.11) lib/active_support/callbacks.rb:778:in `_run_call_callbacks'
  activesupport (4.2.11) lib/active_support/callbacks.rb:81:in `run_callbacks'
  actionpack (4.2.11) lib/action_dispatch/middleware/callbacks.rb:27:in `call'
  actionpack (4.2.11) lib/action_dispatch/middleware/reloader.rb:73:in `call'
  actionpack (4.2.11) lib/action_dispatch/middleware/remote_ip.rb:78:in `call'
  actionpack (4.2.11) lib/action_dispatch/middleware/debug_exceptions.rb:17:in `call'
  actionpack (4.2.11) lib/action_dispatch/middleware/show_exceptions.rb:30:in `call'
  railties (4.2.11) lib/rails/rack/logger.rb:38:in `call_app'
  railties (4.2.11) lib/rails/rack/logger.rb:20:in `block in call'
  activesupport (4.2.11) lib/active_support/tagged_logging.rb:68:in `block in tagged'
  activesupport (4.2.11) lib/active_support/tagged_logging.rb:26:in `tagged'
  activesupport (4.2.11) lib/active_support/tagged_logging.rb:68:in `tagged'
  railties (4.2.11) lib/rails/rack/logger.rb:20:in `call'
  actionpack (4.2.11) lib/action_dispatch/middleware/request_id.rb:21:in `call'
  rack (1.6.11) lib/rack/methodoverride.rb:22:in `call'
  rack (1.6.11) lib/rack/runtime.rb:18:in `call'
  activesupport (4.2.11) lib/active_support/cache/strategy/local_cache_middleware.rb:28:in `call'
  rack (1.6.11) lib/rack/lock.rb:17:in `call'
  actionpack (4.2.11) lib/action_dispatch/middleware/static.rb:120:in `call'
  rack (1.6.11) lib/rack/sendfile.rb:113:in `call'
  railties (4.2.11) lib/rails/engine.rb:518:in `call'
  railties (4.2.11) lib/rails/application.rb:165:in `call'
  rack (1.6.11) lib/rack/lock.rb:17:in `call'
  rack (1.6.11) lib/rack/content_length.rb:15:in `call'
  rack (1.6.11) lib/rack/handler/webrick.rb:88:in `service'
  /Users/acasey/.rvm/rubies/ruby-2.5.3/lib/ruby/2.5.0/webrick/httpserver.rb:140:in `service'
  /Users/acasey/.rvm/rubies/ruby-2.5.3/lib/ruby/2.5.0/webrick/httpserver.rb:96:in `run'
  /Users/acasey/.rvm/rubies/ruby-2.5.3/lib/ruby/2.5.0/webrick/server.rb:307:in `block in start_thread'


  Rendered /Users/acasey/.rvm/gems/ruby-2.5.3/gems/actionpack-4.2.11/lib/action_dispatch/middleware/templates/rescues/_source.erb (4.7ms)
  Rendered /Users/acasey/.rvm/gems/ruby-2.5.3/gems/actionpack-4.2.11/lib/action_dispatch/middleware/templates/rescues/_trace.html.erb (1.0ms)
  Rendered /Users/acasey/.rvm/gems/ruby-2.5.3/gems/actionpack-4.2.11/lib/action_dispatch/middleware/templates/rescues/_request_and_response.html.erb (0.5ms)
  Rendered /Users/acasey/.rvm/gems/ruby-2.5.3/gems/actionpack-4.2.11/lib/action_dispatch/middleware/templates/rescues/diagnostics.html.erb within rescues/layout (66.6ms)
  [1m[36m (1.4ms)[0m  [1mCREATE TABLE "schema_migrations" ("version" varchar NOT NULL) [0m
  [1m[35m (0.0ms)[0m  select sqlite_version(*)
  [1m[36m (0.7ms)[0m  [1mCREATE UNIQUE INDEX "unique_schema_migrations" ON "schema_migrations" ("version")[0m
  [1m[35mActiveRecord::SchemaMigration Load (0.1ms)[0m  SELECT "schema_migrations".* FROM "schema_migrations"
  [1m[36mActiveRecord::SchemaMigration Load (0.0ms)[0m  [1mSELECT "schema_migrations".* FROM "schema_migrations"[0m
Migrating to CreatePosts (20151230232412)
  [1m[35m (0.0ms)[0m  begin transaction
  [1m[36m (0.4ms)[0m  [1mCREATE TABLE "posts" ("id" INTEGER PRIMARY KEY AUTOINCREMENT NOT NULL, "title" varchar, "description" text, "created_at" datetime NOT NULL, "updated_at" datetime NOT NULL) [0m
  [1m[35mSQL (0.1ms)[0m  INSERT INTO "schema_migrations" ("version") VALUES (?)  [["version", "20151230232412"]]
  [1m[36m (1.0ms)[0m  [1mcommit transaction[0m
  [1m[35mActiveRecord::SchemaMigration Load (0.0ms)[0m  SELECT "schema_migrations".* FROM "schema_migrations"


Started GET "/" for ::1 at 2019-01-31 10:29:37 +0000
  [1m[36mActiveRecord::SchemaMigration Load (0.1ms)[0m  [1mSELECT "schema_migrations".* FROM "schema_migrations"[0m
Processing by Rails::WelcomeController#index as HTML
  Rendered /Users/acasey/.rvm/gems/ruby-2.5.3/gems/railties-4.2.11/lib/rails/templates/rails/welcome/index.html.erb (1.6ms)
Completed 200 OK in 17ms (Views: 11.4ms | ActiveRecord: 0.0ms)


Started GET "/show" for ::1 at 2019-01-31 10:31:43 +0000
  [1m[36mActiveRecord::SchemaMigration Load (0.1ms)[0m  [1mSELECT "schema_migrations".* FROM "schema_migrations"[0m

ActionController::RoutingError (No route matches [GET] "/show"):
  actionpack (4.2.11) lib/action_dispatch/middleware/debug_exceptions.rb:21:in `call'
  actionpack (4.2.11) lib/action_dispatch/middleware/show_exceptions.rb:30:in `call'
  railties (4.2.11) lib/rails/rack/logger.rb:38:in `call_app'
  railties (4.2.11) lib/rails/rack/logger.rb:20:in `block in call'
  activesupport (4.2.11) lib/active_support/tagged_logging.rb:68:in `block in tagged'
  activesupport (4.2.11) lib/active_support/tagged_logging.rb:26:in `tagged'
  activesupport (4.2.11) lib/active_support/tagged_logging.rb:68:in `tagged'
  railties (4.2.11) lib/rails/rack/logger.rb:20:in `call'
  actionpack (4.2.11) lib/action_dispatch/middleware/request_id.rb:21:in `call'
  rack (1.6.11) lib/rack/methodoverride.rb:22:in `call'
  rack (1.6.11) lib/rack/runtime.rb:18:in `call'
  activesupport (4.2.11) lib/active_support/cache/strategy/local_cache_middleware.rb:28:in `call'
  rack (1.6.11) lib/rack/lock.rb:17:in `call'
  actionpack (4.2.11) lib/action_dispatch/middleware/static.rb:120:in `call'
  rack (1.6.11) lib/rack/sendfile.rb:113:in `call'
  railties (4.2.11) lib/rails/engine.rb:518:in `call'
  railties (4.2.11) lib/rails/application.rb:165:in `call'
  rack (1.6.11) lib/rack/lock.rb:17:in `call'
  rack (1.6.11) lib/rack/content_length.rb:15:in `call'
  rack (1.6.11) lib/rack/handler/webrick.rb:88:in `service'
  /Users/acasey/.rvm/rubies/ruby-2.5.3/lib/ruby/2.5.0/webrick/httpserver.rb:140:in `service'
  /Users/acasey/.rvm/rubies/ruby-2.5.3/lib/ruby/2.5.0/webrick/httpserver.rb:96:in `run'
  /Users/acasey/.rvm/rubies/ruby-2.5.3/lib/ruby/2.5.0/webrick/server.rb:307:in `block in start_thread'


  Rendered /Users/acasey/.rvm/gems/ruby-2.5.3/gems/actionpack-4.2.11/lib/action_dispatch/middleware/templates/rescues/_trace.html.erb (1.4ms)
  Rendered /Users/acasey/.rvm/gems/ruby-2.5.3/gems/actionpack-4.2.11/lib/action_dispatch/middleware/templates/routes/_route.html.erb (0.9ms)
  Rendered /Users/acasey/.rvm/gems/ruby-2.5.3/gems/actionpack-4.2.11/lib/action_dispatch/middleware/templates/routes/_table.html.erb (12.5ms)
  Rendered /Users/acasey/.rvm/gems/ruby-2.5.3/gems/actionpack-4.2.11/lib/action_dispatch/middleware/templates/rescues/_request_and_response.html.erb (5.1ms)
  Rendered /Users/acasey/.rvm/gems/ruby-2.5.3/gems/actionpack-4.2.11/lib/action_dispatch/middleware/templates/rescues/routing_error.html.erb within rescues/layout (108.4ms)


Started GET "/show/1" for ::1 at 2019-01-31 10:31:48 +0000

ActionController::RoutingError (No route matches [GET] "/show/1"):
  actionpack (4.2.11) lib/action_dispatch/middleware/debug_exceptions.rb:21:in `call'
  actionpack (4.2.11) lib/action_dispatch/middleware/show_exceptions.rb:30:in `call'
  railties (4.2.11) lib/rails/rack/logger.rb:38:in `call_app'
  railties (4.2.11) lib/rails/rack/logger.rb:20:in `block in call'
  activesupport (4.2.11) lib/active_support/tagged_logging.rb:68:in `block in tagged'
  activesupport (4.2.11) lib/active_support/tagged_logging.rb:26:in `tagged'
  activesupport (4.2.11) lib/active_support/tagged_logging.rb:68:in `tagged'
  railties (4.2.11) lib/rails/rack/logger.rb:20:in `call'
  actionpack (4.2.11) lib/action_dispatch/middleware/request_id.rb:21:in `call'
  rack (1.6.11) lib/rack/methodoverride.rb:22:in `call'
  rack (1.6.11) lib/rack/runtime.rb:18:in `call'
  activesupport (4.2.11) lib/active_support/cache/strategy/local_cache_middleware.rb:28:in `call'
  rack (1.6.11) lib/rack/lock.rb:17:in `call'
  actionpack (4.2.11) lib/action_dispatch/middleware/static.rb:120:in `call'
  rack (1.6.11) lib/rack/sendfile.rb:113:in `call'
  railties (4.2.11) lib/rails/engine.rb:518:in `call'
  railties (4.2.11) lib/rails/application.rb:165:in `call'
  rack (1.6.11) lib/rack/lock.rb:17:in `call'
  rack (1.6.11) lib/rack/content_length.rb:15:in `call'
  rack (1.6.11) lib/rack/handler/webrick.rb:88:in `service'
  /Users/acasey/.rvm/rubies/ruby-2.5.3/lib/ruby/2.5.0/webrick/httpserver.rb:140:in `service'
  /Users/acasey/.rvm/rubies/ruby-2.5.3/lib/ruby/2.5.0/webrick/httpserver.rb:96:in `run'
  /Users/acasey/.rvm/rubies/ruby-2.5.3/lib/ruby/2.5.0/webrick/server.rb:307:in `block in start_thread'


  Rendered /Users/acasey/.rvm/gems/ruby-2.5.3/gems/actionpack-4.2.11/lib/action_dispatch/middleware/templates/rescues/_trace.html.erb (0.8ms)
  Rendered /Users/acasey/.rvm/gems/ruby-2.5.3/gems/actionpack-4.2.11/lib/action_dispatch/middleware/templates/routes/_route.html.erb (0.7ms)
  Rendered /Users/acasey/.rvm/gems/ruby-2.5.3/gems/actionpack-4.2.11/lib/action_dispatch/middleware/templates/routes/_table.html.erb (0.7ms)
  Rendered /Users/acasey/.rvm/gems/ruby-2.5.3/gems/actionpack-4.2.11/lib/action_dispatch/middleware/templates/rescues/_request_and_response.html.erb (0.8ms)
  Rendered /Users/acasey/.rvm/gems/ruby-2.5.3/gems/actionpack-4.2.11/lib/action_dispatch/middleware/templates/rescues/routing_error.html.erb within rescues/layout (92.2ms)


Started GET "/posts/1" for ::1 at 2019-01-31 10:33:43 +0000
  [1m[36mActiveRecord::SchemaMigration Load (0.1ms)[0m  [1mSELECT "schema_migrations".* FROM "schema_migrations"[0m
Processing by PostsController#show as HTML
  Parameters: {"id"=>"1"}
  Rendered posts/show.html.erb within layouts/application (1.0ms)
Completed 200 OK in 253ms (Views: 248.6ms | ActiveRecord: 0.0ms)


Started GET "/posts/1" for ::1 at 2019-01-31 10:37:13 +0000
  [1m[36mActiveRecord::SchemaMigration Load (0.1ms)[0m  [1mSELECT "schema_migrations".* FROM "schema_migrations"[0m
Processing by PostsController#show as HTML
  Parameters: {"id"=>"1"}
  [1m[35mPost Load (0.1ms)[0m  SELECT  "posts".* FROM "posts" WHERE "posts"."id" = ? LIMIT 1  [["id", 1]]
Completed 404 Not Found in 12ms (ActiveRecord: 0.3ms)

ActiveRecord::RecordNotFound (Couldn't find Post with 'id'=1):
  app/controllers/posts_controller.rb:3:in `show'


  Rendered /Users/acasey/.rvm/gems/ruby-2.5.3/gems/actionpack-4.2.11/lib/action_dispatch/middleware/templates/rescues/_source.erb (2.5ms)
  Rendered /Users/acasey/.rvm/gems/ruby-2.5.3/gems/actionpack-4.2.11/lib/action_dispatch/middleware/templates/rescues/_trace.html.erb (1.1ms)
  Rendered /Users/acasey/.rvm/gems/ruby-2.5.3/gems/actionpack-4.2.11/lib/action_dispatch/middleware/templates/rescues/_request_and_response.html.erb (0.5ms)
  Rendered /Users/acasey/.rvm/gems/ruby-2.5.3/gems/actionpack-4.2.11/lib/action_dispatch/middleware/templates/rescues/diagnostics.html.erb within rescues/layout (64.6ms)


Started GET "/posts/" for ::1 at 2019-01-31 10:37:24 +0000

ActionController::RoutingError (No route matches [GET] "/posts"):
  actionpack (4.2.11) lib/action_dispatch/middleware/debug_exceptions.rb:21:in `call'
  actionpack (4.2.11) lib/action_dispatch/middleware/show_exceptions.rb:30:in `call'
  railties (4.2.11) lib/rails/rack/logger.rb:38:in `call_app'
  railties (4.2.11) lib/rails/rack/logger.rb:20:in `block in call'
  activesupport (4.2.11) lib/active_support/tagged_logging.rb:68:in `block in tagged'
  activesupport (4.2.11) lib/active_support/tagged_logging.rb:26:in `tagged'
  activesupport (4.2.11) lib/active_support/tagged_logging.rb:68:in `tagged'
  railties (4.2.11) lib/rails/rack/logger.rb:20:in `call'
  actionpack (4.2.11) lib/action_dispatch/middleware/request_id.rb:21:in `call'
  rack (1.6.11) lib/rack/methodoverride.rb:22:in `call'
  rack (1.6.11) lib/rack/runtime.rb:18:in `call'
  activesupport (4.2.11) lib/active_support/cache/strategy/local_cache_middleware.rb:28:in `call'
  rack (1.6.11) lib/rack/lock.rb:17:in `call'
  actionpack (4.2.11) lib/action_dispatch/middleware/static.rb:120:in `call'
  rack (1.6.11) lib/rack/sendfile.rb:113:in `call'
  railties (4.2.11) lib/rails/engine.rb:518:in `call'
  railties (4.2.11) lib/rails/application.rb:165:in `call'
  rack (1.6.11) lib/rack/lock.rb:17:in `call'
  rack (1.6.11) lib/rack/content_length.rb:15:in `call'
  rack (1.6.11) lib/rack/handler/webrick.rb:88:in `service'
  /Users/acasey/.rvm/rubies/ruby-2.5.3/lib/ruby/2.5.0/webrick/httpserver.rb:140:in `service'
  /Users/acasey/.rvm/rubies/ruby-2.5.3/lib/ruby/2.5.0/webrick/httpserver.rb:96:in `run'
  /Users/acasey/.rvm/rubies/ruby-2.5.3/lib/ruby/2.5.0/webrick/server.rb:307:in `block in start_thread'


  Rendered /Users/acasey/.rvm/gems/ruby-2.5.3/gems/actionpack-4.2.11/lib/action_dispatch/middleware/templates/rescues/_trace.html.erb (0.8ms)
  Rendered /Users/acasey/.rvm/gems/ruby-2.5.3/gems/actionpack-4.2.11/lib/action_dispatch/middleware/templates/routes/_route.html.erb (0.4ms)
  Rendered /Users/acasey/.rvm/gems/ruby-2.5.3/gems/actionpack-4.2.11/lib/action_dispatch/middleware/templates/routes/_table.html.erb (5.0ms)
  Rendered /Users/acasey/.rvm/gems/ruby-2.5.3/gems/actionpack-4.2.11/lib/action_dispatch/middleware/templates/rescues/_request_and_response.html.erb (0.7ms)
  Rendered /Users/acasey/.rvm/gems/ruby-2.5.3/gems/actionpack-4.2.11/lib/action_dispatch/middleware/templates/rescues/routing_error.html.erb within rescues/layout (92.6ms)
  [1m[36mActiveRecord::SchemaMigration Load (0.1ms)[0m  [1mSELECT "schema_migrations".* FROM "schema_migrations"[0m
  [1m[36mActiveRecord::SchemaMigration Load (0.1ms)[0m  [1mSELECT "schema_migrations".* FROM "schema_migrations"[0m
  [1m[35m (0.0ms)[0m  begin transaction
  [1m[36mSQL (0.4ms)[0m  [1mINSERT INTO "posts" ("title", "description", "created_at", "updated_at") VALUES (?, ?, ?, ?)[0m  [["title", "My first post"], ["description", "Blah blah blah code"], ["created_at", "2019-01-31 10:38:54.048010"], ["updated_at", "2019-01-31 10:38:54.048010"]]
  [1m[35m (1.0ms)[0m  commit transaction


Started GET "/posts/1" for ::1 at 2019-01-31 10:38:58 +0000
Processing by PostsController#show as HTML
  Parameters: {"id"=>"1"}
  [1m[36mPost Load (0.1ms)[0m  [1mSELECT  "posts".* FROM "posts" WHERE "posts"."id" = ? LIMIT 1[0m  [["id", 1]]
  Rendered posts/show.html.erb within layouts/application (0.4ms)
Completed 200 OK in 137ms (Views: 132.4ms | ActiveRecord: 0.1ms)
  [1m[36mActiveRecord::SchemaMigration Load (0.1ms)[0m  [1mSELECT "schema_migrations".* FROM "schema_migrations"[0m
  [1m[36mActiveRecord::SchemaMigration Load (0.1ms)[0m  [1mSELECT "schema_migrations".* FROM "schema_migrations"[0m
  [1m[35mPost Load (0.1ms)[0m  SELECT "posts".* FROM "posts"
  [1m[36m (0.0ms)[0m  [1mbegin transaction[0m
  [1m[35mSQL (0.3ms)[0m  DELETE FROM "posts" WHERE "posts"."id" = ?  [["id", 1]]
  [1m[36m (1.1ms)[0m  [1mcommit transaction[0m
  [1m[36mActiveRecord::SchemaMigration Load (0.1ms)[0m  [1mSELECT "schema_migrations".* FROM "schema_migrations"[0m
  [1m[35mPost Load (0.1ms)[0m  SELECT "posts".* FROM "posts"
  [1m[36m (0.0ms)[0m  [1mbegin transaction[0m
  [1m[35mSQL (0.4ms)[0m  INSERT INTO "posts" ("title", "description", "created_at", "updated_at") VALUES (?, ?, ?, ?)  [["title", "my first post"], ["description", "blah blah blah"], ["created_at", "2019-01-31 10:43:03.710398"], ["updated_at", "2019-01-31 10:43:03.710398"]]
  [1m[36m (1.0ms)[0m  [1mcommit transaction[0m
  [1m[35m (0.0ms)[0m  begin transaction
  [1m[36mSQL (0.3ms)[0m  [1mINSERT INTO "posts" ("title", "description", "created_at", "updated_at") VALUES (?, ?, ?, ?)[0m  [["title", "my second post"], ["description", "blah blah blah"], ["created_at", "2019-01-31 10:43:03.712807"], ["updated_at", "2019-01-31 10:43:03.712807"]]
  [1m[35m (0.6ms)[0m  commit transaction
  [1m[36m (0.0ms)[0m  [1mbegin transaction[0m
  [1m[35mSQL (0.3ms)[0m  INSERT INTO "posts" ("title", "description", "created_at", "updated_at") VALUES (?, ?, ?, ?)  [["title", "my third post"], ["description", "blah blah blah"], ["created_at", "2019-01-31 10:43:03.714498"], ["updated_at", "2019-01-31 10:43:03.714498"]]
  [1m[36m (0.5ms)[0m  [1mcommit transaction[0m
  [1m[35m (0.0ms)[0m  begin transaction
  [1m[36mSQL (0.2ms)[0m  [1mINSERT INTO "posts" ("title", "description", "created_at", "updated_at") VALUES (?, ?, ?, ?)[0m  [["title", "my fourth post"], ["description", "blah blah blah"], ["created_at", "2019-01-31 10:43:03.715875"], ["updated_at", "2019-01-31 10:43:03.715875"]]
  [1m[35m (0.5ms)[0m  commit transaction
  [1m[36m (0.0ms)[0m  [1mbegin transaction[0m
  [1m[35mSQL (0.2ms)[0m  INSERT INTO "posts" ("title", "description", "created_at", "updated_at") VALUES (?, ?, ?, ?)  [["title", "my fifth post"], ["description", "blah blah blah"], ["created_at", "2019-01-31 10:43:03.717236"], ["updated_at", "2019-01-31 10:43:03.717236"]]
  [1m[36m (0.5ms)[0m  [1mcommit transaction[0m
  [1m[35m (0.0ms)[0m  begin transaction
  [1m[36mSQL (0.2ms)[0m  [1mINSERT INTO "posts" ("title", "description", "created_at", "updated_at") VALUES (?, ?, ?, ?)[0m  [["title", "my sixth post"], ["description", "blah blah blah"], ["created_at", "2019-01-31 10:43:03.718612"], ["updated_at", "2019-01-31 10:43:03.718612"]]
  [1m[35m (0.5ms)[0m  commit transaction
  [1m[36m (0.0ms)[0m  [1mbegin transaction[0m
  [1m[35mSQL (0.2ms)[0m  INSERT INTO "posts" ("title", "description", "created_at", "updated_at") VALUES (?, ?, ?, ?)  [["title", "my seventh post"], ["description", "blah blah blah"], ["created_at", "2019-01-31 10:43:03.719942"], ["updated_at", "2019-01-31 10:43:03.719942"]]
  [1m[36m (0.5ms)[0m  [1mcommit transaction[0m


Started GET "/posts/1" for ::1 at 2019-01-31 10:43:06 +0000
Processing by PostsController#show as HTML
  Parameters: {"id"=>"1"}
  [1m[35mPost Load (0.1ms)[0m  SELECT  "posts".* FROM "posts" WHERE "posts"."id" = ? LIMIT 1  [["id", 1]]
Completed 404 Not Found in 1ms (ActiveRecord: 0.1ms)

ActiveRecord::RecordNotFound (Couldn't find Post with 'id'=1):
  app/controllers/posts_controller.rb:3:in `show'


  Rendered /Users/acasey/.rvm/gems/ruby-2.5.3/gems/actionpack-4.2.11/lib/action_dispatch/middleware/templates/rescues/_source.erb (2.5ms)
  Rendered /Users/acasey/.rvm/gems/ruby-2.5.3/gems/actionpack-4.2.11/lib/action_dispatch/middleware/templates/rescues/_trace.html.erb (1.3ms)
  Rendered /Users/acasey/.rvm/gems/ruby-2.5.3/gems/actionpack-4.2.11/lib/action_dispatch/middleware/templates/rescues/_request_and_response.html.erb (0.7ms)
  Rendered /Users/acasey/.rvm/gems/ruby-2.5.3/gems/actionpack-4.2.11/lib/action_dispatch/middleware/templates/rescues/diagnostics.html.erb within rescues/layout (65.1ms)


Started GET "/posts/2" for ::1 at 2019-01-31 10:43:11 +0000
Processing by PostsController#show as HTML
  Parameters: {"id"=>"2"}
  [1m[36mPost Load (0.1ms)[0m  [1mSELECT  "posts".* FROM "posts" WHERE "posts"."id" = ? LIMIT 1[0m  [["id", 2]]
  Rendered posts/show.html.erb within layouts/application (0.1ms)
Completed 200 OK in 18ms (Views: 17.0ms | ActiveRecord: 0.1ms)


Started GET "/posts/3" for ::1 at 2019-01-31 10:43:14 +0000
Processing by PostsController#show as HTML
  Parameters: {"id"=>"3"}
  [1m[35mPost Load (0.1ms)[0m  SELECT  "posts".* FROM "posts" WHERE "posts"."id" = ? LIMIT 1  [["id", 3]]
  Rendered posts/show.html.erb within layouts/application (0.1ms)
Completed 200 OK in 24ms (Views: 22.9ms | ActiveRecord: 0.1ms)


Started GET "/posts/4" for ::1 at 2019-01-31 10:43:17 +0000
Processing by PostsController#show as HTML
  Parameters: {"id"=>"4"}
  [1m[36mPost Load (0.1ms)[0m  [1mSELECT  "posts".* FROM "posts" WHERE "posts"."id" = ? LIMIT 1[0m  [["id", 4]]
  Rendered posts/show.html.erb within layouts/application (0.1ms)
Completed 200 OK in 22ms (Views: 20.8ms | ActiveRecord: 0.1ms)


Started GET "/posts/5" for ::1 at 2019-01-31 10:43:20 +0000
Processing by PostsController#show as HTML
  Parameters: {"id"=>"5"}
  [1m[35mPost Load (0.1ms)[0m  SELECT  "posts".* FROM "posts" WHERE "posts"."id" = ? LIMIT 1  [["id", 5]]
  Rendered posts/show.html.erb within layouts/application (0.1ms)
Completed 200 OK in 21ms (Views: 19.6ms | ActiveRecord: 0.1ms)


Started GET "/posts/6" for ::1 at 2019-01-31 10:43:23 +0000
Processing by PostsController#show as HTML
  Parameters: {"id"=>"6"}
  [1m[36mPost Load (0.1ms)[0m  [1mSELECT  "posts".* FROM "posts" WHERE "posts"."id" = ? LIMIT 1[0m  [["id", 6]]
  Rendered posts/show.html.erb within layouts/application (0.1ms)
Completed 200 OK in 21ms (Views: 19.4ms | ActiveRecord: 0.1ms)
